GAS LISTING /tmp/cckaNIRS.s 			page 1


   1               		.file	"adc.c"
   2               	__SP_H__ = 0x3e
   3               	__SP_L__ = 0x3d
   4               	__SREG__ = 0x3f
   5               	__tmp_reg__ = 0
   6               	__zero_reg__ = 1
   7               		.stabs	"/root/AVR/AVR-Projects/ADC Library/",100,0,2,.Ltext0
   8               		.stabs	"adc.c",100,0,2,.Ltext0
   9               		.text
  10               	.Ltext0:
  11               		.stabs	"gcc2_compiled.",60,0,0,0
  12               		.stabs	"int:t(0,1)=r(0,1);-32768;32767;",128,0,0,0
  13               		.stabs	"char:t(0,2)=@s8;r(0,2);0;255;",128,0,0,0
  14               		.stabs	"long int:t(0,3)=@s32;r(0,3);020000000000;017777777777;",128,0,0,0
  15               		.stabs	"unsigned int:t(0,4)=r(0,4);0;0177777;",128,0,0,0
  16               		.stabs	"long unsigned int:t(0,5)=@s32;r(0,5);0;037777777777;",128,0,0,0
  17               		.stabs	"__int128:t(0,6)=@s128;r(0,6);02000000000000000000000000000000000000000000;0177777777777777
  18               		.stabs	"__int128 unsigned:t(0,7)=@s128;r(0,7);0;03777777777777777777777777777777777777777777;",128
  19               		.stabs	"long long int:t(0,8)=@s64;r(0,8);01000000000000000000000;00777777777777777777777;",128,0,0
  20               		.stabs	"long long unsigned int:t(0,9)=@s64;r(0,9);0;01777777777777777777777;",128,0,0,0
  21               		.stabs	"short int:t(0,10)=r(0,10);-32768;32767;",128,0,0,0
  22               		.stabs	"short unsigned int:t(0,11)=r(0,11);0;0177777;",128,0,0,0
  23               		.stabs	"signed char:t(0,12)=@s8;r(0,12);-128;127;",128,0,0,0
  24               		.stabs	"unsigned char:t(0,13)=@s8;r(0,13);0;255;",128,0,0,0
  25               		.stabs	"float:t(0,14)=r(0,1);4;0;",128,0,0,0
  26               		.stabs	"double:t(0,15)=r(0,1);4;0;",128,0,0,0
  27               		.stabs	"long double:t(0,16)=r(0,1);4;0;",128,0,0,0
  28               		.stabs	"_Float32:t(0,17)=r(0,1);4;0;",128,0,0,0
  29               		.stabs	"short _Fract:t(0,18)=r(0,1);1;0;",128,0,0,0
  30               		.stabs	"_Fract:t(0,19)=r(0,1);2;0;",128,0,0,0
  31               		.stabs	"long _Fract:t(0,20)=r(0,1);4;0;",128,0,0,0
  32               		.stabs	"long long _Fract:t(0,21)=r(0,1);8;0;",128,0,0,0
  33               		.stabs	"unsigned short _Fract:t(0,22)=r(0,1);1;0;",128,0,0,0
  34               		.stabs	"unsigned _Fract:t(0,23)=r(0,1);2;0;",128,0,0,0
  35               		.stabs	"unsigned long _Fract:t(0,24)=r(0,1);4;0;",128,0,0,0
  36               		.stabs	"unsigned long long _Fract:t(0,25)=r(0,1);8;0;",128,0,0,0
  37               		.stabs	"_Sat short _Fract:t(0,26)=r(0,1);1;0;",128,0,0,0
  38               		.stabs	"_Sat _Fract:t(0,27)=r(0,1);2;0;",128,0,0,0
  39               		.stabs	"_Sat long _Fract:t(0,28)=r(0,1);4;0;",128,0,0,0
  40               		.stabs	"_Sat long long _Fract:t(0,29)=r(0,1);8;0;",128,0,0,0
  41               		.stabs	"_Sat unsigned short _Fract:t(0,30)=r(0,1);1;0;",128,0,0,0
  42               		.stabs	"_Sat unsigned _Fract:t(0,31)=r(0,1);2;0;",128,0,0,0
  43               		.stabs	"_Sat unsigned long _Fract:t(0,32)=r(0,1);4;0;",128,0,0,0
  44               		.stabs	"_Sat unsigned long long _Fract:t(0,33)=r(0,1);8;0;",128,0,0,0
  45               		.stabs	"short _Accum:t(0,34)=r(0,1);2;0;",128,0,0,0
  46               		.stabs	"_Accum:t(0,35)=r(0,1);4;0;",128,0,0,0
  47               		.stabs	"long _Accum:t(0,36)=r(0,1);8;0;",128,0,0,0
  48               		.stabs	"long long _Accum:t(0,37)=r(0,1);8;0;",128,0,0,0
  49               		.stabs	"unsigned short _Accum:t(0,38)=r(0,1);2;0;",128,0,0,0
  50               		.stabs	"unsigned _Accum:t(0,39)=r(0,1);4;0;",128,0,0,0
  51               		.stabs	"unsigned long _Accum:t(0,40)=r(0,1);8;0;",128,0,0,0
  52               		.stabs	"unsigned long long _Accum:t(0,41)=r(0,1);8;0;",128,0,0,0
  53               		.stabs	"_Sat short _Accum:t(0,42)=r(0,1);2;0;",128,0,0,0
  54               		.stabs	"_Sat _Accum:t(0,43)=r(0,1);4;0;",128,0,0,0
  55               		.stabs	"_Sat long _Accum:t(0,44)=r(0,1);8;0;",128,0,0,0
  56               		.stabs	"_Sat long long _Accum:t(0,45)=r(0,1);8;0;",128,0,0,0
  57               		.stabs	"_Sat unsigned short _Accum:t(0,46)=r(0,1);2;0;",128,0,0,0
GAS LISTING /tmp/cckaNIRS.s 			page 2


  58               		.stabs	"_Sat unsigned _Accum:t(0,47)=r(0,1);4;0;",128,0,0,0
  59               		.stabs	"_Sat unsigned long _Accum:t(0,48)=r(0,1);8;0;",128,0,0,0
  60               		.stabs	"_Sat unsigned long long _Accum:t(0,49)=r(0,1);8;0;",128,0,0,0
  61               		.stabs	"void:t(0,50)=(0,50)",128,0,0,0
  62               		.stabs	"adc.h",130,0,0,0
  63               		.stabs	"/usr/avr/include/avr/io.h",130,0,0,0
  64               		.stabs	"/usr/avr/include/avr/sfr_defs.h",130,0,0,0
  65               		.stabs	"/usr/avr/include/inttypes.h",130,0,0,0
  66               		.stabs	"/usr/lib/gcc/avr/8.1.0/include/stdint.h",130,0,0,0
  67               		.stabs	"/usr/avr/include/stdint.h",130,0,0,0
  68               		.stabs	"int8_t:t(6,1)=(0,12)",128,0,125,0
  69               		.stabs	"uint8_t:t(6,2)=(0,13)",128,0,126,0
  70               		.stabs	"int16_t:t(6,3)=(0,1)",128,0,127,0
  71               		.stabs	"uint16_t:t(6,4)=(0,4)",128,0,128,0
  72               		.stabs	"int32_t:t(6,5)=(0,3)",128,0,129,0
  73               		.stabs	"uint32_t:t(6,6)=(0,5)",128,0,130,0
  74               		.stabs	"int64_t:t(6,7)=(0,8)",128,0,132,0
  75               		.stabs	"uint64_t:t(6,8)=(0,9)",128,0,133,0
  76               		.stabs	"intptr_t:t(6,9)=(6,3)",128,0,146,0
  77               		.stabs	"uintptr_t:t(6,10)=(6,4)",128,0,151,0
  78               		.stabs	"int_least8_t:t(6,11)=(6,1)",128,0,163,0
  79               		.stabs	"uint_least8_t:t(6,12)=(6,2)",128,0,168,0
  80               		.stabs	"int_least16_t:t(6,13)=(6,3)",128,0,173,0
  81               		.stabs	"uint_least16_t:t(6,14)=(6,4)",128,0,178,0
  82               		.stabs	"int_least32_t:t(6,15)=(6,5)",128,0,183,0
  83               		.stabs	"uint_least32_t:t(6,16)=(6,6)",128,0,188,0
  84               		.stabs	"int_least64_t:t(6,17)=(6,7)",128,0,196,0
  85               		.stabs	"uint_least64_t:t(6,18)=(6,8)",128,0,203,0
  86               		.stabs	"int_fast8_t:t(6,19)=(6,1)",128,0,217,0
  87               		.stabs	"uint_fast8_t:t(6,20)=(6,2)",128,0,222,0
  88               		.stabs	"int_fast16_t:t(6,21)=(6,3)",128,0,227,0
  89               		.stabs	"uint_fast16_t:t(6,22)=(6,4)",128,0,232,0
  90               		.stabs	"int_fast32_t:t(6,23)=(6,5)",128,0,237,0
  91               		.stabs	"uint_fast32_t:t(6,24)=(6,6)",128,0,242,0
  92               		.stabs	"int_fast64_t:t(6,25)=(6,7)",128,0,250,0
  93               		.stabs	"uint_fast64_t:t(6,26)=(6,8)",128,0,257,0
  94               		.stabs	"intmax_t:t(6,27)=(6,7)",128,0,277,0
  95               		.stabs	"uintmax_t:t(6,28)=(6,8)",128,0,282,0
  96               		.stabn	162,0,0,0
  97               		.stabn	162,0,0,0
  98               		.stabs	"int_farptr_t:t(4,1)=(6,5)",128,0,77,0
  99               		.stabs	"uint_farptr_t:t(4,2)=(6,6)",128,0,81,0
 100               		.stabn	162,0,0,0
 101               		.stabn	162,0,0,0
 102               		.stabs	"/usr/avr/include/avr/fuse.h",130,0,0,0
 103               		.stabs	"__fuse_t:t(7,1)=(7,2)=s2low:(0,13),0,8;high:(0,13),8,8;;",128,0,252,0
 104               		.stabn	162,0,0,0
 105               		.stabn	162,0,0,0
 106               		.stabn	162,0,0,0
 107               		.stabs	"ADC_init:F(0,50)",36,0,3,ADC_init
 108               	.global	ADC_init
 109               		.type	ADC_init, @function
 110               	ADC_init:
 111               		.stabd	46,0,0
   1:adc.c         **** #include "adc.h"
   2:adc.c         **** 
   3:adc.c         **** void ADC_init(void)
GAS LISTING /tmp/cckaNIRS.s 			page 3


   4:adc.c         **** {
 112               		.stabn	68,0,4,.LM0-.LFBB1
 113               	.LM0:
 114               	.LFBB1:
 115               	/* prologue: function */
 116               	/* frame size = 0 */
 117               	/* stack size = 0 */
 118               	.L__stack_usage = 0
   5:adc.c         **** 	ADCSRA |= (1<<ADPS0) | (1<<ADPS1);
 119               		.stabn	68,0,5,.LM1-.LFBB1
 120               	.LM1:
 121 0000 86B1      		in r24,0x6
 122 0002 8360      		ori r24,lo8(3)
 123 0004 86B9      		out 0x6,r24
   6:adc.c         **** 
   7:adc.c         **** 	ADMUX |= (1<<ADLAR);
 124               		.stabn	68,0,7,.LM2-.LFBB1
 125               	.LM2:
 126 0006 3D9A      		sbi 0x7,5
   8:adc.c         **** 	ADMUX |= (1<<MUX0);
 127               		.stabn	68,0,8,.LM3-.LFBB1
 128               	.LM3:
 129 0008 389A      		sbi 0x7,0
 130               	/* epilogue start */
   9:adc.c         **** 	
  10:adc.c         **** 	
  11:adc.c         **** }
 131               		.stabn	68,0,11,.LM4-.LFBB1
 132               	.LM4:
 133 000a 0895      		ret
 134               		.size	ADC_init, .-ADC_init
 135               	.Lscope1:
 136               		.stabs	"",36,0,0,.Lscope1-.LFBB1
 137               		.stabd	78,0,0
 138               		.stabs	"ADC_get_data:F(6,2)",36,0,13,ADC_get_data
 139               	.global	ADC_get_data
 140               		.type	ADC_get_data, @function
 141               	ADC_get_data:
 142               		.stabd	46,0,0
  12:adc.c         **** 
  13:adc.c         **** volatile uint8_t ADC_get_data(void)
  14:adc.c         **** {
 143               		.stabn	68,0,14,.LM5-.LFBB2
 144               	.LM5:
 145               	.LFBB2:
 146 000c CF93      		push r28
 147 000e DF93      		push r29
 148 0010 0F92      		push __tmp_reg__
 149 0012 CDB7      		in r28,__SP_L__
 150 0014 DEB7      		in r29,__SP_H__
 151               	/* prologue: function */
 152               	/* frame size = 1 */
 153               	/* stack size = 3 */
 154               	.L__stack_usage = 3
  15:adc.c         **** 	ADCSRA |= (1<<ADSC);
 155               		.stabn	68,0,15,.LM6-.LFBB2
 156               	.LM6:
GAS LISTING /tmp/cckaNIRS.s 			page 4


 157 0016 369A      		sbi 0x6,6
 158               	.L3:
  16:adc.c         **** 		
  17:adc.c         **** 	while(ADCSRA & (1<<ADSC));
 159               		.stabn	68,0,17,.LM7-.LFBB2
 160               	.LM7:
 161 0018 3699      		sbic 0x6,6
 162 001a 00C0      		rjmp .L3
  18:adc.c         **** 	volatile uint8_t data = ADCH;
 163               		.stabn	68,0,18,.LM8-.LFBB2
 164               	.LM8:
 165 001c 85B1      		in r24,0x5
 166               		.stabn	68,0,18,.LM9-.LFBB2
 167               	.LM9:
 168 001e 8983      		std Y+1,r24
  19:adc.c         **** 	return data;
 169               		.stabn	68,0,19,.LM10-.LFBB2
 170               	.LM10:
 171 0020 8981      		ldd r24,Y+1
 172               	/* epilogue start */
  20:adc.c         **** }
 173               		.stabn	68,0,20,.LM11-.LFBB2
 174               	.LM11:
 175 0022 0F90      		pop __tmp_reg__
 176 0024 DF91      		pop r29
 177 0026 CF91      		pop r28
 178 0028 0895      		ret
 179               		.size	ADC_get_data, .-ADC_get_data
 180               		.stabs	"data:(0,51)=B(6,2)",128,0,18,1
 181               		.stabn	192,0,0,.LFBB2-.LFBB2
 182               		.stabn	224,0,0,.Lscope2-.LFBB2
 183               	.Lscope2:
 184               		.stabs	"",36,0,0,.Lscope2-.LFBB2
 185               		.stabd	78,0,0
 186               		.stabs	"",100,0,0,.Letext0
 187               	.Letext0:
 188               		.ident	"GCC: (GNU) 8.1.0"
GAS LISTING /tmp/cckaNIRS.s 			page 5


DEFINED SYMBOLS
                            *ABS*:0000000000000000 adc.c
     /tmp/cckaNIRS.s:2      *ABS*:000000000000003e __SP_H__
     /tmp/cckaNIRS.s:3      *ABS*:000000000000003d __SP_L__
     /tmp/cckaNIRS.s:4      *ABS*:000000000000003f __SREG__
     /tmp/cckaNIRS.s:5      *ABS*:0000000000000000 __tmp_reg__
     /tmp/cckaNIRS.s:6      *ABS*:0000000000000001 __zero_reg__
     /tmp/cckaNIRS.s:110    .text:0000000000000000 ADC_init
     /tmp/cckaNIRS.s:141    .text:000000000000000c ADC_get_data

NO UNDEFINED SYMBOLS
