GAS LISTING /tmp/ccBGPu7P.s 			page 1


   1               		.file	"main.c"
   2               	__SP_H__ = 0x3e
   3               	__SP_L__ = 0x3d
   4               	__SREG__ = 0x3f
   5               	__tmp_reg__ = 0
   6               	__zero_reg__ = 1
   7               		.stabs	"/root/AVR/AVR-Projects/ADC Library/",100,0,2,.Ltext0
   8               		.stabs	"main.c",100,0,2,.Ltext0
   9               		.text
  10               	.Ltext0:
  11               		.stabs	"gcc2_compiled.",60,0,0,0
  12               		.stabs	"int:t(0,1)=r(0,1);-32768;32767;",128,0,0,0
  13               		.stabs	"char:t(0,2)=@s8;r(0,2);0;255;",128,0,0,0
  14               		.stabs	"long int:t(0,3)=@s32;r(0,3);020000000000;017777777777;",128,0,0,0
  15               		.stabs	"unsigned int:t(0,4)=r(0,4);0;0177777;",128,0,0,0
  16               		.stabs	"long unsigned int:t(0,5)=@s32;r(0,5);0;037777777777;",128,0,0,0
  17               		.stabs	"__int128:t(0,6)=@s128;r(0,6);02000000000000000000000000000000000000000000;0177777777777777
  18               		.stabs	"__int128 unsigned:t(0,7)=@s128;r(0,7);0;03777777777777777777777777777777777777777777;",128
  19               		.stabs	"long long int:t(0,8)=@s64;r(0,8);01000000000000000000000;00777777777777777777777;",128,0,0
  20               		.stabs	"long long unsigned int:t(0,9)=@s64;r(0,9);0;01777777777777777777777;",128,0,0,0
  21               		.stabs	"short int:t(0,10)=r(0,10);-32768;32767;",128,0,0,0
  22               		.stabs	"short unsigned int:t(0,11)=r(0,11);0;0177777;",128,0,0,0
  23               		.stabs	"signed char:t(0,12)=@s8;r(0,12);-128;127;",128,0,0,0
  24               		.stabs	"unsigned char:t(0,13)=@s8;r(0,13);0;255;",128,0,0,0
  25               		.stabs	"float:t(0,14)=r(0,1);4;0;",128,0,0,0
  26               		.stabs	"double:t(0,15)=r(0,1);4;0;",128,0,0,0
  27               		.stabs	"long double:t(0,16)=r(0,1);4;0;",128,0,0,0
  28               		.stabs	"_Float32:t(0,17)=r(0,1);4;0;",128,0,0,0
  29               		.stabs	"short _Fract:t(0,18)=r(0,1);1;0;",128,0,0,0
  30               		.stabs	"_Fract:t(0,19)=r(0,1);2;0;",128,0,0,0
  31               		.stabs	"long _Fract:t(0,20)=r(0,1);4;0;",128,0,0,0
  32               		.stabs	"long long _Fract:t(0,21)=r(0,1);8;0;",128,0,0,0
  33               		.stabs	"unsigned short _Fract:t(0,22)=r(0,1);1;0;",128,0,0,0
  34               		.stabs	"unsigned _Fract:t(0,23)=r(0,1);2;0;",128,0,0,0
  35               		.stabs	"unsigned long _Fract:t(0,24)=r(0,1);4;0;",128,0,0,0
  36               		.stabs	"unsigned long long _Fract:t(0,25)=r(0,1);8;0;",128,0,0,0
  37               		.stabs	"_Sat short _Fract:t(0,26)=r(0,1);1;0;",128,0,0,0
  38               		.stabs	"_Sat _Fract:t(0,27)=r(0,1);2;0;",128,0,0,0
  39               		.stabs	"_Sat long _Fract:t(0,28)=r(0,1);4;0;",128,0,0,0
  40               		.stabs	"_Sat long long _Fract:t(0,29)=r(0,1);8;0;",128,0,0,0
  41               		.stabs	"_Sat unsigned short _Fract:t(0,30)=r(0,1);1;0;",128,0,0,0
  42               		.stabs	"_Sat unsigned _Fract:t(0,31)=r(0,1);2;0;",128,0,0,0
  43               		.stabs	"_Sat unsigned long _Fract:t(0,32)=r(0,1);4;0;",128,0,0,0
  44               		.stabs	"_Sat unsigned long long _Fract:t(0,33)=r(0,1);8;0;",128,0,0,0
  45               		.stabs	"short _Accum:t(0,34)=r(0,1);2;0;",128,0,0,0
  46               		.stabs	"_Accum:t(0,35)=r(0,1);4;0;",128,0,0,0
  47               		.stabs	"long _Accum:t(0,36)=r(0,1);8;0;",128,0,0,0
  48               		.stabs	"long long _Accum:t(0,37)=r(0,1);8;0;",128,0,0,0
  49               		.stabs	"unsigned short _Accum:t(0,38)=r(0,1);2;0;",128,0,0,0
  50               		.stabs	"unsigned _Accum:t(0,39)=r(0,1);4;0;",128,0,0,0
  51               		.stabs	"unsigned long _Accum:t(0,40)=r(0,1);8;0;",128,0,0,0
  52               		.stabs	"unsigned long long _Accum:t(0,41)=r(0,1);8;0;",128,0,0,0
  53               		.stabs	"_Sat short _Accum:t(0,42)=r(0,1);2;0;",128,0,0,0
  54               		.stabs	"_Sat _Accum:t(0,43)=r(0,1);4;0;",128,0,0,0
  55               		.stabs	"_Sat long _Accum:t(0,44)=r(0,1);8;0;",128,0,0,0
  56               		.stabs	"_Sat long long _Accum:t(0,45)=r(0,1);8;0;",128,0,0,0
  57               		.stabs	"_Sat unsigned short _Accum:t(0,46)=r(0,1);2;0;",128,0,0,0
GAS LISTING /tmp/ccBGPu7P.s 			page 2


  58               		.stabs	"_Sat unsigned _Accum:t(0,47)=r(0,1);4;0;",128,0,0,0
  59               		.stabs	"_Sat unsigned long _Accum:t(0,48)=r(0,1);8;0;",128,0,0,0
  60               		.stabs	"_Sat unsigned long long _Accum:t(0,49)=r(0,1);8;0;",128,0,0,0
  61               		.stabs	"void:t(0,50)=(0,50)",128,0,0,0
  62               		.stabs	"adc.h",130,0,0,0
  63               		.stabs	"/usr/avr/include/avr/io.h",130,0,0,0
  64               		.stabs	"/usr/avr/include/avr/sfr_defs.h",130,0,0,0
  65               		.stabs	"/usr/avr/include/inttypes.h",130,0,0,0
  66               		.stabs	"/usr/lib/gcc/avr/8.1.0/include/stdint.h",130,0,0,0
  67               		.stabs	"/usr/avr/include/stdint.h",130,0,0,0
  68               		.stabs	"int8_t:t(6,1)=(0,12)",128,0,125,0
  69               		.stabs	"uint8_t:t(6,2)=(0,13)",128,0,126,0
  70               		.stabs	"int16_t:t(6,3)=(0,1)",128,0,127,0
  71               		.stabs	"uint16_t:t(6,4)=(0,4)",128,0,128,0
  72               		.stabs	"int32_t:t(6,5)=(0,3)",128,0,129,0
  73               		.stabs	"uint32_t:t(6,6)=(0,5)",128,0,130,0
  74               		.stabs	"int64_t:t(6,7)=(0,8)",128,0,132,0
  75               		.stabs	"uint64_t:t(6,8)=(0,9)",128,0,133,0
  76               		.stabs	"intptr_t:t(6,9)=(6,3)",128,0,146,0
  77               		.stabs	"uintptr_t:t(6,10)=(6,4)",128,0,151,0
  78               		.stabs	"int_least8_t:t(6,11)=(6,1)",128,0,163,0
  79               		.stabs	"uint_least8_t:t(6,12)=(6,2)",128,0,168,0
  80               		.stabs	"int_least16_t:t(6,13)=(6,3)",128,0,173,0
  81               		.stabs	"uint_least16_t:t(6,14)=(6,4)",128,0,178,0
  82               		.stabs	"int_least32_t:t(6,15)=(6,5)",128,0,183,0
  83               		.stabs	"uint_least32_t:t(6,16)=(6,6)",128,0,188,0
  84               		.stabs	"int_least64_t:t(6,17)=(6,7)",128,0,196,0
  85               		.stabs	"uint_least64_t:t(6,18)=(6,8)",128,0,203,0
  86               		.stabs	"int_fast8_t:t(6,19)=(6,1)",128,0,217,0
  87               		.stabs	"uint_fast8_t:t(6,20)=(6,2)",128,0,222,0
  88               		.stabs	"int_fast16_t:t(6,21)=(6,3)",128,0,227,0
  89               		.stabs	"uint_fast16_t:t(6,22)=(6,4)",128,0,232,0
  90               		.stabs	"int_fast32_t:t(6,23)=(6,5)",128,0,237,0
  91               		.stabs	"uint_fast32_t:t(6,24)=(6,6)",128,0,242,0
  92               		.stabs	"int_fast64_t:t(6,25)=(6,7)",128,0,250,0
  93               		.stabs	"uint_fast64_t:t(6,26)=(6,8)",128,0,257,0
  94               		.stabs	"intmax_t:t(6,27)=(6,7)",128,0,277,0
  95               		.stabs	"uintmax_t:t(6,28)=(6,8)",128,0,282,0
  96               		.stabn	162,0,0,0
  97               		.stabn	162,0,0,0
  98               		.stabs	"int_farptr_t:t(4,1)=(6,5)",128,0,77,0
  99               		.stabs	"uint_farptr_t:t(4,2)=(6,6)",128,0,81,0
 100               		.stabn	162,0,0,0
 101               		.stabn	162,0,0,0
 102               		.stabs	"/usr/avr/include/avr/fuse.h",130,0,0,0
 103               		.stabs	"__fuse_t:t(7,1)=(7,2)=s2low:(0,13),0,8;high:(0,13),8,8;;",128,0,252,0
 104               		.stabn	162,0,0,0
 105               		.stabn	162,0,0,0
 106               		.stabn	162,0,0,0
 107               		.section	.text.startup,"ax",@progbits
 108               		.stabs	"main:F(0,1)",36,0,5,main
 109               	.global	main
 110               		.type	main, @function
 111               	main:
 112               		.stabd	46,0,0
   1:main.c        **** #include "adc.h"
   2:main.c        **** #include <util/delay.h>
GAS LISTING /tmp/ccBGPu7P.s 			page 3


   3:main.c        **** 
   4:main.c        **** 
   5:main.c        **** int main(void)
   6:main.c        **** {
 113               		.stabn	68,0,6,.LM0-.LFBB1
 114               	.LM0:
 115               	.LFBB1:
 116               	/* prologue: function */
 117               	/* frame size = 0 */
 118               	/* stack size = 0 */
 119               	.L__stack_usage = 0
   7:main.c        **** 	ADC_init();
 120               		.stabn	68,0,7,.LM1-.LFBB1
 121               	.LM1:
 122 0000 0E94 0000 		call ADC_init
   8:main.c        **** 	DDRA = 0x00;
 123               		.stabn	68,0,8,.LM2-.LFBB1
 124               	.LM2:
 125 0004 1ABA      		out 0x1a,__zero_reg__
   9:main.c        **** 	DDRC = 0xFF;
 126               		.stabn	68,0,9,.LM3-.LFBB1
 127               	.LM3:
 128 0006 8FEF      		ldi r24,lo8(-1)
 129 0008 84BB      		out 0x14,r24
 130               	.L2:
  10:main.c        **** 	while(1)
  11:main.c        **** 	{
  12:main.c        **** 	
  13:main.c        **** 		PORTC = ADC_get_data();
 131               		.stabn	68,0,13,.LM4-.LFBB1
 132               	.LM4:
 133 000a 0E94 0000 		call ADC_get_data
 134               		.stabn	68,0,13,.LM5-.LFBB1
 135               	.LM5:
 136 000e 85BB      		out 0x15,r24
 137               	.LBB4:
 138               	.LBB5:
 139               		.stabs	"/usr/avr/include/util/delay.h",132,0,0,.Ltext1
 140               	.Ltext1:
   1:/usr/avr/include/util/delay.h **** /* Copyright (c) 2002, Marek Michalkiewicz
   2:/usr/avr/include/util/delay.h ****    Copyright (c) 2004,2005,2007 Joerg Wunsch
   3:/usr/avr/include/util/delay.h ****    Copyright (c) 2007  Florin-Viorel Petrov
   4:/usr/avr/include/util/delay.h ****    All rights reserved.
   5:/usr/avr/include/util/delay.h **** 
   6:/usr/avr/include/util/delay.h ****    Redistribution and use in source and binary forms, with or without
   7:/usr/avr/include/util/delay.h ****    modification, are permitted provided that the following conditions are met:
   8:/usr/avr/include/util/delay.h **** 
   9:/usr/avr/include/util/delay.h ****    * Redistributions of source code must retain the above copyright
  10:/usr/avr/include/util/delay.h ****      notice, this list of conditions and the following disclaimer.
  11:/usr/avr/include/util/delay.h **** 
  12:/usr/avr/include/util/delay.h ****    * Redistributions in binary form must reproduce the above copyright
  13:/usr/avr/include/util/delay.h ****      notice, this list of conditions and the following disclaimer in
  14:/usr/avr/include/util/delay.h ****      the documentation and/or other materials provided with the
  15:/usr/avr/include/util/delay.h ****      distribution.
  16:/usr/avr/include/util/delay.h **** 
  17:/usr/avr/include/util/delay.h ****    * Neither the name of the copyright holders nor the names of
  18:/usr/avr/include/util/delay.h ****      contributors may be used to endorse or promote products derived
GAS LISTING /tmp/ccBGPu7P.s 			page 4


  19:/usr/avr/include/util/delay.h ****      from this software without specific prior written permission.
  20:/usr/avr/include/util/delay.h **** 
  21:/usr/avr/include/util/delay.h ****   THIS SOFTWARE IS PROVIDED BY THE COPYRIGHT HOLDERS AND CONTRIBUTORS "AS IS"
  22:/usr/avr/include/util/delay.h ****   AND ANY EXPRESS OR IMPLIED WARRANTIES, INCLUDING, BUT NOT LIMITED TO, THE
  23:/usr/avr/include/util/delay.h ****   IMPLIED WARRANTIES OF MERCHANTABILITY AND FITNESS FOR A PARTICULAR PURPOSE
  24:/usr/avr/include/util/delay.h ****   ARE DISCLAIMED. IN NO EVENT SHALL THE COPYRIGHT OWNER OR CONTRIBUTORS BE
  25:/usr/avr/include/util/delay.h ****   LIABLE FOR ANY DIRECT, INDIRECT, INCIDENTAL, SPECIAL, EXEMPLARY, OR
  26:/usr/avr/include/util/delay.h ****   CONSEQUENTIAL DAMAGES (INCLUDING, BUT NOT LIMITED TO, PROCUREMENT OF
  27:/usr/avr/include/util/delay.h ****   SUBSTITUTE GOODS OR SERVICES; LOSS OF USE, DATA, OR PROFITS; OR BUSINESS
  28:/usr/avr/include/util/delay.h ****   INTERRUPTION) HOWEVER CAUSED AND ON ANY THEORY OF LIABILITY, WHETHER IN
  29:/usr/avr/include/util/delay.h ****   CONTRACT, STRICT LIABILITY, OR TORT (INCLUDING NEGLIGENCE OR OTHERWISE)
  30:/usr/avr/include/util/delay.h ****   ARISING IN ANY WAY OUT OF THE USE OF THIS SOFTWARE, EVEN IF ADVISED OF THE
  31:/usr/avr/include/util/delay.h ****   POSSIBILITY OF SUCH DAMAGE. */
  32:/usr/avr/include/util/delay.h **** 
  33:/usr/avr/include/util/delay.h **** /* $Id: delay.h.in 2506 2016-02-08 10:05:45Z joerg_wunsch $ */
  34:/usr/avr/include/util/delay.h **** 
  35:/usr/avr/include/util/delay.h **** #ifndef _UTIL_DELAY_H_
  36:/usr/avr/include/util/delay.h **** #define _UTIL_DELAY_H_ 1
  37:/usr/avr/include/util/delay.h **** 
  38:/usr/avr/include/util/delay.h **** #ifndef __DOXYGEN__
  39:/usr/avr/include/util/delay.h **** #  ifndef __HAS_DELAY_CYCLES
  40:/usr/avr/include/util/delay.h **** #    define __HAS_DELAY_CYCLES 1
  41:/usr/avr/include/util/delay.h **** #  endif
  42:/usr/avr/include/util/delay.h **** #endif  /* __DOXYGEN__ */
  43:/usr/avr/include/util/delay.h **** 
  44:/usr/avr/include/util/delay.h **** #include <inttypes.h>
  45:/usr/avr/include/util/delay.h **** #include <util/delay_basic.h>
  46:/usr/avr/include/util/delay.h **** #include <math.h>
  47:/usr/avr/include/util/delay.h **** 
  48:/usr/avr/include/util/delay.h **** /** \file */
  49:/usr/avr/include/util/delay.h **** /** \defgroup util_delay <util/delay.h>: Convenience functions for busy-wait delay loops
  50:/usr/avr/include/util/delay.h ****     \code
  51:/usr/avr/include/util/delay.h ****     #define F_CPU 1000000UL  // 1 MHz
  52:/usr/avr/include/util/delay.h ****     //#define F_CPU 14.7456E6
  53:/usr/avr/include/util/delay.h ****     #include <util/delay.h>
  54:/usr/avr/include/util/delay.h ****     \endcode
  55:/usr/avr/include/util/delay.h **** 
  56:/usr/avr/include/util/delay.h ****     \note As an alternative method, it is possible to pass the
  57:/usr/avr/include/util/delay.h ****     F_CPU macro down to the compiler from the Makefile.
  58:/usr/avr/include/util/delay.h ****     Obviously, in that case, no \c \#define statement should be
  59:/usr/avr/include/util/delay.h ****     used.
  60:/usr/avr/include/util/delay.h **** 
  61:/usr/avr/include/util/delay.h ****     The functions in this header file are wrappers around the basic
  62:/usr/avr/include/util/delay.h ****     busy-wait functions from <util/delay_basic.h>.  They are meant as
  63:/usr/avr/include/util/delay.h ****     convenience functions where actual time values can be specified
  64:/usr/avr/include/util/delay.h ****     rather than a number of cycles to wait for.  The idea behind is
  65:/usr/avr/include/util/delay.h ****     that compile-time constant expressions will be eliminated by
  66:/usr/avr/include/util/delay.h ****     compiler optimization so floating-point expressions can be used
  67:/usr/avr/include/util/delay.h ****     to calculate the number of delay cycles needed based on the CPU
  68:/usr/avr/include/util/delay.h ****     frequency passed by the macro F_CPU.
  69:/usr/avr/include/util/delay.h **** 
  70:/usr/avr/include/util/delay.h ****     \note In order for these functions to work as intended, compiler
  71:/usr/avr/include/util/delay.h ****     optimizations <em>must</em> be enabled, and the delay time
  72:/usr/avr/include/util/delay.h ****     <em>must</em> be an expression that is a known constant at
  73:/usr/avr/include/util/delay.h ****     compile-time.  If these requirements are not met, the resulting
  74:/usr/avr/include/util/delay.h ****     delay will be much longer (and basically unpredictable), and
  75:/usr/avr/include/util/delay.h ****     applications that otherwise do not use floating-point calculations
GAS LISTING /tmp/ccBGPu7P.s 			page 5


  76:/usr/avr/include/util/delay.h ****     will experience severe code bloat by the floating-point library
  77:/usr/avr/include/util/delay.h ****     routines linked into the application.
  78:/usr/avr/include/util/delay.h **** 
  79:/usr/avr/include/util/delay.h ****     The functions available allow the specification of microsecond, and
  80:/usr/avr/include/util/delay.h ****     millisecond delays directly, using the application-supplied macro
  81:/usr/avr/include/util/delay.h ****     F_CPU as the CPU clock frequency (in Hertz).
  82:/usr/avr/include/util/delay.h **** 
  83:/usr/avr/include/util/delay.h **** */
  84:/usr/avr/include/util/delay.h **** 
  85:/usr/avr/include/util/delay.h **** #if !defined(__DOXYGEN__)
  86:/usr/avr/include/util/delay.h **** static __inline__ void _delay_us(double __us) __attribute__((__always_inline__));
  87:/usr/avr/include/util/delay.h **** static __inline__ void _delay_ms(double __ms) __attribute__((__always_inline__));
  88:/usr/avr/include/util/delay.h **** #endif
  89:/usr/avr/include/util/delay.h **** 
  90:/usr/avr/include/util/delay.h **** #ifndef F_CPU
  91:/usr/avr/include/util/delay.h **** /* prevent compiler error by supplying a default */
  92:/usr/avr/include/util/delay.h **** # warning "F_CPU not defined for <util/delay.h>"
  93:/usr/avr/include/util/delay.h **** /** \ingroup util_delay
  94:/usr/avr/include/util/delay.h ****     \def F_CPU
  95:/usr/avr/include/util/delay.h ****     \brief CPU frequency in Hz
  96:/usr/avr/include/util/delay.h **** 
  97:/usr/avr/include/util/delay.h ****     The macro F_CPU specifies the CPU frequency to be considered by
  98:/usr/avr/include/util/delay.h ****     the delay macros.  This macro is normally supplied by the
  99:/usr/avr/include/util/delay.h ****     environment (e.g. from within a project header, or the project's
 100:/usr/avr/include/util/delay.h ****     Makefile).  The value 1 MHz here is only provided as a "vanilla"
 101:/usr/avr/include/util/delay.h ****     fallback if no such user-provided definition could be found.
 102:/usr/avr/include/util/delay.h **** 
 103:/usr/avr/include/util/delay.h ****     In terms of the delay functions, the CPU frequency can be given as
 104:/usr/avr/include/util/delay.h ****     a floating-point constant (e.g. 3.6864E6 for 3.6864 MHz).
 105:/usr/avr/include/util/delay.h ****     However, the macros in <util/setbaud.h> require it to be an
 106:/usr/avr/include/util/delay.h ****     integer value.
 107:/usr/avr/include/util/delay.h ****  */
 108:/usr/avr/include/util/delay.h **** # define F_CPU 1000000UL
 109:/usr/avr/include/util/delay.h **** #endif
 110:/usr/avr/include/util/delay.h **** 
 111:/usr/avr/include/util/delay.h **** #ifndef __OPTIMIZE__
 112:/usr/avr/include/util/delay.h **** # warning "Compiler optimizations disabled; functions from <util/delay.h> won't work as designed"
 113:/usr/avr/include/util/delay.h **** #endif
 114:/usr/avr/include/util/delay.h **** 
 115:/usr/avr/include/util/delay.h **** #if __HAS_DELAY_CYCLES && defined(__OPTIMIZE__) && \
 116:/usr/avr/include/util/delay.h ****   !defined(__DELAY_BACKWARD_COMPATIBLE__) &&	   \
 117:/usr/avr/include/util/delay.h ****   __STDC_HOSTED__
 118:/usr/avr/include/util/delay.h **** #  include <math.h>
 119:/usr/avr/include/util/delay.h **** #endif
 120:/usr/avr/include/util/delay.h **** 
 121:/usr/avr/include/util/delay.h **** /**
 122:/usr/avr/include/util/delay.h ****    \ingroup util_delay
 123:/usr/avr/include/util/delay.h **** 
 124:/usr/avr/include/util/delay.h ****    Perform a delay of \c __ms milliseconds, using _delay_loop_2().
 125:/usr/avr/include/util/delay.h **** 
 126:/usr/avr/include/util/delay.h ****    The macro F_CPU is supposed to be defined to a
 127:/usr/avr/include/util/delay.h ****    constant defining the CPU clock frequency (in Hertz).
 128:/usr/avr/include/util/delay.h **** 
 129:/usr/avr/include/util/delay.h ****    The maximal possible delay is 262.14 ms / F_CPU in MHz.
 130:/usr/avr/include/util/delay.h **** 
 131:/usr/avr/include/util/delay.h ****    When the user request delay which exceed the maximum possible one,
 132:/usr/avr/include/util/delay.h ****    _delay_ms() provides a decreased resolution functionality. In this
GAS LISTING /tmp/ccBGPu7P.s 			page 6


 133:/usr/avr/include/util/delay.h ****    mode _delay_ms() will work with a resolution of 1/10 ms, providing
 134:/usr/avr/include/util/delay.h ****    delays up to 6.5535 seconds (independent from CPU frequency).  The
 135:/usr/avr/include/util/delay.h ****    user will not be informed about decreased resolution.
 136:/usr/avr/include/util/delay.h **** 
 137:/usr/avr/include/util/delay.h ****    If the avr-gcc toolchain has __builtin_avr_delay_cycles()
 138:/usr/avr/include/util/delay.h ****    support, maximal possible delay is 4294967.295 ms/ F_CPU in MHz. For
 139:/usr/avr/include/util/delay.h ****    values greater than the maximal possible delay, overflows results in
 140:/usr/avr/include/util/delay.h ****    no delay i.e., 0ms.
 141:/usr/avr/include/util/delay.h **** 
 142:/usr/avr/include/util/delay.h ****    Conversion of \c __ms into clock cycles may not always result in
 143:/usr/avr/include/util/delay.h ****    integer.  By default, the clock cycles rounded up to next
 144:/usr/avr/include/util/delay.h ****    integer. This ensures that the user gets at least \c __ms
 145:/usr/avr/include/util/delay.h ****    microseconds of delay.
 146:/usr/avr/include/util/delay.h **** 
 147:/usr/avr/include/util/delay.h ****    Alternatively, by defining the macro \c __DELAY_ROUND_DOWN__, or
 148:/usr/avr/include/util/delay.h ****    \c __DELAY_ROUND_CLOSEST__, before including this header file, the
 149:/usr/avr/include/util/delay.h ****    algorithm can be made to round down, or round to closest integer,
 150:/usr/avr/include/util/delay.h ****    respectively.
 151:/usr/avr/include/util/delay.h **** 
 152:/usr/avr/include/util/delay.h ****    \note
 153:/usr/avr/include/util/delay.h **** 
 154:/usr/avr/include/util/delay.h ****    The implementation of _delay_ms() based on
 155:/usr/avr/include/util/delay.h ****    __builtin_avr_delay_cycles() is not backward compatible with older
 156:/usr/avr/include/util/delay.h ****    implementations.  In order to get functionality backward compatible
 157:/usr/avr/include/util/delay.h ****    with previous versions, the macro \c "__DELAY_BACKWARD_COMPATIBLE__"
 158:/usr/avr/include/util/delay.h ****    must be defined before including this header file. Also, the
 159:/usr/avr/include/util/delay.h ****    backward compatible algorithm will be chosen if the code is
 160:/usr/avr/include/util/delay.h ****    compiled in a <em>freestanding environment</em> (GCC option
 161:/usr/avr/include/util/delay.h ****    \c -ffreestanding), as the math functions required for rounding are
 162:/usr/avr/include/util/delay.h ****    not available to the compiler then.
 163:/usr/avr/include/util/delay.h **** 
 164:/usr/avr/include/util/delay.h ****  */
 165:/usr/avr/include/util/delay.h **** void
 166:/usr/avr/include/util/delay.h **** _delay_ms(double __ms)
 167:/usr/avr/include/util/delay.h **** {
 168:/usr/avr/include/util/delay.h **** 	double __tmp ;
 169:/usr/avr/include/util/delay.h **** #if __HAS_DELAY_CYCLES && defined(__OPTIMIZE__) && \
 170:/usr/avr/include/util/delay.h ****   !defined(__DELAY_BACKWARD_COMPATIBLE__) &&	   \
 171:/usr/avr/include/util/delay.h ****   __STDC_HOSTED__
 172:/usr/avr/include/util/delay.h **** 	uint32_t __ticks_dc;
 173:/usr/avr/include/util/delay.h **** 	extern void __builtin_avr_delay_cycles(unsigned long);
 174:/usr/avr/include/util/delay.h **** 	__tmp = ((F_CPU) / 1e3) * __ms;
 175:/usr/avr/include/util/delay.h **** 
 176:/usr/avr/include/util/delay.h **** 	#if defined(__DELAY_ROUND_DOWN__)
 177:/usr/avr/include/util/delay.h **** 		__ticks_dc = (uint32_t)fabs(__tmp);
 178:/usr/avr/include/util/delay.h **** 
 179:/usr/avr/include/util/delay.h **** 	#elif defined(__DELAY_ROUND_CLOSEST__)
 180:/usr/avr/include/util/delay.h **** 		__ticks_dc = (uint32_t)(fabs(__tmp)+0.5);
 181:/usr/avr/include/util/delay.h **** 
 182:/usr/avr/include/util/delay.h **** 	#else
 183:/usr/avr/include/util/delay.h **** 		//round up by default
 184:/usr/avr/include/util/delay.h **** 		__ticks_dc = (uint32_t)(ceil(fabs(__tmp)));
 185:/usr/avr/include/util/delay.h **** 	#endif
 186:/usr/avr/include/util/delay.h **** 
 187:/usr/avr/include/util/delay.h **** 	__builtin_avr_delay_cycles(__ticks_dc);
 141               		.stabn	68,0,187,.LM6-.LFBB1
 142               	.LM6:
GAS LISTING /tmp/ccBGPu7P.s 			page 7


 143 0010 2FE7      		ldi r18,lo8(399999)
 144 0012 8AE1      		ldi r24,hi8(399999)
 145 0014 96E0      		ldi r25,hlo8(399999)
 146 0016 2150      	1:	subi r18,1
 147 0018 8040      		sbci r24,0
 148 001a 9040      		sbci r25,0
 149 001c 01F4      		brne 1b
 150 001e 00C0      		rjmp .
 151 0020 0000      		nop
 152 0022 00C0      		rjmp .L2
 153               	.LBE5:
 154               	.LBE4:
 155               		.size	main, .-main
 156               	.Lscope1:
 157               		.stabs	"",36,0,0,.Lscope1-.LFBB1
 158               		.stabd	78,0,0
 159               		.text
 160               		.stabs	"",100,0,0,.Letext0
 161               	.Letext0:
 162               		.ident	"GCC: (GNU) 8.1.0"
GAS LISTING /tmp/ccBGPu7P.s 			page 8


DEFINED SYMBOLS
                            *ABS*:0000000000000000 main.c
     /tmp/ccBGPu7P.s:2      *ABS*:000000000000003e __SP_H__
     /tmp/ccBGPu7P.s:3      *ABS*:000000000000003d __SP_L__
     /tmp/ccBGPu7P.s:4      *ABS*:000000000000003f __SREG__
     /tmp/ccBGPu7P.s:5      *ABS*:0000000000000000 __tmp_reg__
     /tmp/ccBGPu7P.s:6      *ABS*:0000000000000001 __zero_reg__
     /tmp/ccBGPu7P.s:111    .text.startup:0000000000000000 main

UNDEFINED SYMBOLS
ADC_init
ADC_get_data
