   1               		.file	"main.c"
   2               	__SP_H__ = 0x3e
   3               	__SP_L__ = 0x3d
   4               	__SREG__ = 0x3f
   5               	__tmp_reg__ = 0
   6               	__zero_reg__ = 1
   7               		.text
   8               	.Ltext0:
   9               		.cfi_sections	.debug_frame
  10               		.section	.text.startup,"ax",@progbits
  11               	.global	main
  13               	main:
  14               	.LFB6:
  15               		.file 1 "main.c"
   1:main.c        **** #define F_CPU 1000000UL
   2:main.c        **** #include <util/delay.h>
   3:main.c        **** #include <avr/io.h>
   4:main.c        **** 
   5:main.c        **** int main(void)
   6:main.c        **** {
  16               		.loc 1 6 0
  17               		.cfi_startproc
  18               	/* prologue: function */
  19               	/* frame size = 0 */
  20               	/* stack size = 0 */
  21               	.L__stack_usage = 0
   7:main.c        **** 
   8:main.c        ****     // Insert code
   9:main.c        ****     DDRA = 0b00000001;
  22               		.loc 1 9 0
  23 0000 81E0      		ldi r24,lo8(1)
  24 0002 8ABB      		out 0x1a,r24
  25               	.L2:
  10:main.c        ****     while(1){
  11:main.c        ****         PORTA = 0b00000001;
  26               		.loc 1 11 0
  27 0004 8BBB      		out 0x1b,r24
  28               	.LVL0:
  29               	.LBB6:
  30               	.LBB7:
  31               		.file 2 "./util/delay.h"
   1:./util/delay.h **** /* Copyright (c) 2002, Marek Michalkiewicz
   2:./util/delay.h ****    Copyright (c) 2004,2005,2007 Joerg Wunsch
   3:./util/delay.h ****    Copyright (c) 2007  Florin-Viorel Petrov
   4:./util/delay.h ****    All rights reserved.
   5:./util/delay.h **** 
   6:./util/delay.h ****    Redistribution and use in source and binary forms, with or without
   7:./util/delay.h ****    modification, are permitted provided that the following conditions are met:
   8:./util/delay.h **** 
   9:./util/delay.h ****    * Redistributions of source code must retain the above copyright
  10:./util/delay.h ****      notice, this list of conditions and the following disclaimer.
  11:./util/delay.h **** 
  12:./util/delay.h ****    * Redistributions in binary form must reproduce the above copyright
  13:./util/delay.h ****      notice, this list of conditions and the following disclaimer in
  14:./util/delay.h ****      the documentation and/or other materials provided with the
  15:./util/delay.h ****      distribution.
  16:./util/delay.h **** 
  17:./util/delay.h ****    * Neither the name of the copyright holders nor the names of
  18:./util/delay.h ****      contributors may be used to endorse or promote products derived
  19:./util/delay.h ****      from this software without specific prior written permission.
  20:./util/delay.h **** 
  21:./util/delay.h ****   THIS SOFTWARE IS PROVIDED BY THE COPYRIGHT HOLDERS AND CONTRIBUTORS "AS IS"
  22:./util/delay.h ****   AND ANY EXPRESS OR IMPLIED WARRANTIES, INCLUDING, BUT NOT LIMITED TO, THE
  23:./util/delay.h ****   IMPLIED WARRANTIES OF MERCHANTABILITY AND FITNESS FOR A PARTICULAR PURPOSE
  24:./util/delay.h ****   ARE DISCLAIMED. IN NO EVENT SHALL THE COPYRIGHT OWNER OR CONTRIBUTORS BE
  25:./util/delay.h ****   LIABLE FOR ANY DIRECT, INDIRECT, INCIDENTAL, SPECIAL, EXEMPLARY, OR
  26:./util/delay.h ****   CONSEQUENTIAL DAMAGES (INCLUDING, BUT NOT LIMITED TO, PROCUREMENT OF
  27:./util/delay.h ****   SUBSTITUTE GOODS OR SERVICES; LOSS OF USE, DATA, OR PROFITS; OR BUSINESS
  28:./util/delay.h ****   INTERRUPTION) HOWEVER CAUSED AND ON ANY THEORY OF LIABILITY, WHETHER IN
  29:./util/delay.h ****   CONTRACT, STRICT LIABILITY, OR TORT (INCLUDING NEGLIGENCE OR OTHERWISE)
  30:./util/delay.h ****   ARISING IN ANY WAY OUT OF THE USE OF THIS SOFTWARE, EVEN IF ADVISED OF THE
  31:./util/delay.h ****   POSSIBILITY OF SUCH DAMAGE. */
  32:./util/delay.h **** 
  33:./util/delay.h **** /* $Id$ */
  34:./util/delay.h **** 
  35:./util/delay.h **** #ifndef _UTIL_DELAY_H_
  36:./util/delay.h **** #define _UTIL_DELAY_H_ 1
  37:./util/delay.h **** 
  38:./util/delay.h **** #ifndef __HAS_DELAY_CYCLES
  39:./util/delay.h **** #define __HAS_DELAY_CYCLES 1
  40:./util/delay.h **** #endif
  41:./util/delay.h **** 
  42:./util/delay.h **** #include <inttypes.h>
  43:./util/delay.h **** #include <util/delay_basic.h>
  44:./util/delay.h **** #include <math.h>
  45:./util/delay.h **** 
  46:./util/delay.h **** /** \file */
  47:./util/delay.h **** /** \defgroup util_delay <util/delay.h>: Convenience functions for busy-wait delay loops
  48:./util/delay.h ****     \code
  49:./util/delay.h ****     #define F_CPU 1000000UL  // 1 MHz
  50:./util/delay.h ****     //#define F_CPU 14.7456E6
  51:./util/delay.h ****     #include <util/delay.h>
  52:./util/delay.h ****     \endcode
  53:./util/delay.h **** 
  54:./util/delay.h ****     \note As an alternative method, it is possible to pass the
  55:./util/delay.h ****     F_CPU macro down to the compiler from the Makefile.
  56:./util/delay.h ****     Obviously, in that case, no \c \#define statement should be
  57:./util/delay.h ****     used.
  58:./util/delay.h **** 
  59:./util/delay.h ****     The functions in this header file are wrappers around the basic
  60:./util/delay.h ****     busy-wait functions from <util/delay_basic.h>.  They are meant as
  61:./util/delay.h ****     convenience functions where actual time values can be specified
  62:./util/delay.h ****     rather than a number of cycles to wait for.  The idea behind is
  63:./util/delay.h ****     that compile-time constant expressions will be eliminated by
  64:./util/delay.h ****     compiler optimization so floating-point expressions can be used
  65:./util/delay.h ****     to calculate the number of delay cycles needed based on the CPU
  66:./util/delay.h ****     frequency passed by the macro F_CPU.
  67:./util/delay.h **** 
  68:./util/delay.h ****     \note In order for these functions to work as intended, compiler
  69:./util/delay.h ****     optimizations <em>must</em> be enabled, and the delay time
  70:./util/delay.h ****     <em>must</em> be an expression that is a known constant at
  71:./util/delay.h ****     compile-time.  If these requirements are not met, the resulting
  72:./util/delay.h ****     delay will be much longer (and basically unpredictable), and
  73:./util/delay.h ****     applications that otherwise do not use floating-point calculations
  74:./util/delay.h ****     will experience severe code bloat by the floating-point library
  75:./util/delay.h ****     routines linked into the application.
  76:./util/delay.h **** 
  77:./util/delay.h ****     The functions available allow the specification of microsecond, and
  78:./util/delay.h ****     millisecond delays directly, using the application-supplied macro
  79:./util/delay.h ****     F_CPU as the CPU clock frequency (in Hertz).
  80:./util/delay.h **** 
  81:./util/delay.h **** */
  82:./util/delay.h **** 
  83:./util/delay.h **** #if !defined(__DOXYGEN__)
  84:./util/delay.h **** static inline void _delay_us(double __us) __attribute__((always_inline));
  85:./util/delay.h **** static inline void _delay_ms(double __ms) __attribute__((always_inline));
  86:./util/delay.h **** #endif
  87:./util/delay.h **** 
  88:./util/delay.h **** #ifndef F_CPU
  89:./util/delay.h **** /* prevent compiler error by supplying a default */
  90:./util/delay.h **** # warning "F_CPU not defined for <util/delay.h>"
  91:./util/delay.h **** # define F_CPU 1000000UL
  92:./util/delay.h **** #endif
  93:./util/delay.h **** 
  94:./util/delay.h **** #ifndef __OPTIMIZE__
  95:./util/delay.h **** # warning "Compiler optimizations disabled; functions from <util/delay.h> won't work as designed"
  96:./util/delay.h **** #endif
  97:./util/delay.h **** 
  98:./util/delay.h **** #if __HAS_DELAY_CYCLES && defined(__OPTIMIZE__) && \
  99:./util/delay.h ****   !defined(__DELAY_BACKWARD_COMPATIBLE__) &&	   \
 100:./util/delay.h ****   __STDC_HOSTED__
 101:./util/delay.h **** #  include <math.h>
 102:./util/delay.h **** #endif
 103:./util/delay.h **** 
 104:./util/delay.h **** /**
 105:./util/delay.h ****    \ingroup util_delay
 106:./util/delay.h **** 
 107:./util/delay.h ****    Perform a delay of \c __ms milliseconds, using _delay_loop_2().
 108:./util/delay.h **** 
 109:./util/delay.h ****    The macro F_CPU is supposed to be defined to a
 110:./util/delay.h ****    constant defining the CPU clock frequency (in Hertz).
 111:./util/delay.h **** 
 112:./util/delay.h ****    The maximal possible delay is 262.14 ms / F_CPU in MHz.
 113:./util/delay.h **** 
 114:./util/delay.h ****    When the user request delay which exceed the maximum possible one,
 115:./util/delay.h ****    _delay_ms() provides a decreased resolution functionality. In this
 116:./util/delay.h ****    mode _delay_ms() will work with a resolution of 1/10 ms, providing
 117:./util/delay.h ****    delays up to 6.5535 seconds (independent from CPU frequency).  The
 118:./util/delay.h ****    user will not be informed about decreased resolution.
 119:./util/delay.h **** 
 120:./util/delay.h ****    If the avr-gcc toolchain has __builtin_avr_delay_cycles(unsigned long)
 121:./util/delay.h ****    support, maximal possible delay is 4294967.295 ms/ F_CPU in MHz. For
 122:./util/delay.h ****    values greater than the maximal possible delay, overflows results in
 123:./util/delay.h ****    no delay i.e., 0ms.
 124:./util/delay.h **** 
 125:./util/delay.h ****    Conversion of __us into clock cycles may not always result in integer.
 126:./util/delay.h ****    By default, the clock cycles rounded up to next integer. This ensures that
 127:./util/delay.h ****    the user gets atleast __us microseconds of delay.
 128:./util/delay.h **** 
 129:./util/delay.h ****    Alternatively, user can define __DELAY_ROUND_DOWN__ and __DELAY_ROUND_CLOSEST__
 130:./util/delay.h ****    to round down and round to closest integer.
 131:./util/delay.h **** 
 132:./util/delay.h ****    Note: The new implementation of _delay_ms(double __ms) with 
 133:./util/delay.h ****     __builtin_avr_delay_cycles(unsigned long) support is not backward compatible. 
 134:./util/delay.h ****    User can define __DELAY_BACKWARD_COMPATIBLE__ to get a backward compatible delay.
 135:./util/delay.h ****    Also, the backward compatible
 136:./util/delay.h ****    algorithm will be chosen if the code is compiled in a <em>freestanding
 137:./util/delay.h ****    environment</em> (GCC option \c -ffreestanding), as the math functions
 138:./util/delay.h ****    required for rounding are not available to the compiler then.
 139:./util/delay.h **** 
 140:./util/delay.h ****  */
 141:./util/delay.h **** void
 142:./util/delay.h **** _delay_ms(double __ms)
 143:./util/delay.h **** {
 144:./util/delay.h **** 	double __tmp ; 
 145:./util/delay.h **** #if __HAS_DELAY_CYCLES && defined(__OPTIMIZE__) && \
 146:./util/delay.h ****   !defined(__DELAY_BACKWARD_COMPATIBLE__) &&	   \
 147:./util/delay.h ****   __STDC_HOSTED__
 148:./util/delay.h **** 	uint32_t __ticks_dc;
 149:./util/delay.h **** 	extern void __builtin_avr_delay_cycles(unsigned long);
 150:./util/delay.h **** 	__tmp = ((F_CPU) / 1e3) * __ms;
 151:./util/delay.h **** 
 152:./util/delay.h **** 	#if defined(__DELAY_ROUND_DOWN__)
 153:./util/delay.h **** 		__ticks_dc = (uint32_t)fabs(__tmp);
 154:./util/delay.h **** 
 155:./util/delay.h **** 	#elif defined(__DELAY_ROUND_CLOSEST__)
 156:./util/delay.h **** 		__ticks_dc = (uint32_t)(fabs(__tmp)+0.5);
 157:./util/delay.h **** 
 158:./util/delay.h **** 	#else
 159:./util/delay.h **** 		//round up by default
 160:./util/delay.h **** 		__ticks_dc = (uint32_t)(ceil(fabs(__tmp)));
 161:./util/delay.h **** 	#endif
 162:./util/delay.h **** 
 163:./util/delay.h **** 	__builtin_avr_delay_cycles(__ticks_dc);
  32               		.loc 2 163 0
  33 0006 2FE7      		ldi r18,lo8(399999)
  34 0008 3AE1      		ldi r19,hi8(399999)
  35 000a 96E0      		ldi r25,hlo8(399999)
  36 000c 2150      	1:	subi r18,1
  37 000e 3040      		sbci r19,0
  38 0010 9040      		sbci r25,0
  39 0012 01F4      		brne 1b
  40 0014 00C0      		rjmp .
  41 0016 0000      		nop
  42               	.LBE7:
  43               	.LBE6:
  12:main.c        ****         _delay_ms(2000);
  13:main.c        ****         PORTA = 0b00000000;
  44               		.loc 1 13 0
  45 0018 1BBA      		out 0x1b,__zero_reg__
  46               	.LVL1:
  47               	.LBB8:
  48               	.LBB9:
  49               		.loc 2 163 0
  50 001a 2FE7      		ldi r18,lo8(399999)
  51 001c 3AE1      		ldi r19,hi8(399999)
  52 001e 96E0      		ldi r25,hlo8(399999)
  53 0020 2150      	1:	subi r18,1
  54 0022 3040      		sbci r19,0
  55 0024 9040      		sbci r25,0
  56 0026 01F4      		brne 1b
  57 0028 00C0      		rjmp .
  58 002a 0000      		nop
  59 002c 00C0      		rjmp .L2
  60               	.LBE9:
  61               	.LBE8:
  62               		.cfi_endproc
  63               	.LFE6:
  65               		.text
  66               	.Letext0:
  67               		.file 3 "./stdint.h"
DEFINED SYMBOLS
                            *ABS*:0000000000000000 main.c
     /tmp/ccbgpdYX.s:2      *ABS*:000000000000003e __SP_H__
     /tmp/ccbgpdYX.s:3      *ABS*:000000000000003d __SP_L__
     /tmp/ccbgpdYX.s:4      *ABS*:000000000000003f __SREG__
     /tmp/ccbgpdYX.s:5      *ABS*:0000000000000000 __tmp_reg__
     /tmp/ccbgpdYX.s:6      *ABS*:0000000000000001 __zero_reg__
     /tmp/ccbgpdYX.s:13     .text.startup:0000000000000000 main

NO UNDEFINED SYMBOLS
